2020-07-01 09:15:53.727 LL_I W [869:AsyncTask #1] ==== logfile level=3 tz=+0300 ====
2020-07-01 09:15:53.728 LL_I W [837:WhatsApp Worker #2] WaMsysSetup/bootstrapForMMS
2020-07-01 09:15:53.745 LL_I W [837:WhatsApp Worker #2] app-init/permissions/com.whatsapp w=true
2020-07-01 09:15:53.745 LL_I W [837:WhatsApp Worker #2] app-init/permissions/files w=true
2020-07-01 09:15:53.745 LL_I W [837:WhatsApp Worker #2] app-init/permissions/Logs w=true
2020-07-01 09:15:53.746 LL_I W [837:WhatsApp Worker #2] app-init/permissions/databases w=true
2020-07-01 09:15:53.746 LL_I W [837:WhatsApp Worker #2] app-init/async/screen/on
2020-07-01 09:15:53.749 LL_I W [837:WhatsApp Worker #2] network/info
[type: MOBILE[], state: DISCONNECTED/DISCONNECTED, reason: (unspecified), extra: (none), roaming: false, failover: false, isAvailable: false], type: 0, subtype: 0
[type: WIFI[], state: CONNECTED/CONNECTED, reason: (unspecified), extra: "HUAWEI-XsfB", roaming: false, failover: false, isAvailable: true], type: 1, subtype: 0
[type: MOBILE_MMS[], state: DISCONNECTED/DISCONNECTED, reason: (unspecified), extra: (none), roaming: false, failover: false, isAvailable: true], type: 2, subtype: 0
[type: MOBILE_SUPL[], state: DISCONNECTED/DISCONNECTED, reason: (unspecified), extra: (none), roaming: false, failover: false, isAvailable: true], type: 3, subtype: 0
[type: MOBILE_DUN[], state: DISCONNECTED/DISCONNECTED, reason: (unspecified), extra: (none), roaming: false, failover: false, isAvailable: true], type: 4, subtype: 0
[type: MOBILE_HIPRI[], state: DISCONNECTED/DISCONNECTED, reason: (unspecified), extra: (none), roaming: false, failover: false, isAvailable: true], type: 5, subtype: 0
[type: BLUETOOTH[], state: DISCONNECTED/DISCONNECTED, reason: (unspecified), extra: (none), roaming: false, failover: false, isAvailable: true], type: 7, subtype: 0
[type: MOBILE_FOTA[], state: DISCONNECTED/DISCONNECTED, reason: (unspecified), extra: (none), roaming: false, failover: false, isAvailable: true], type: 10, subtype: 0
[type: MOBILE_IMS[], state: DISCONNECTED/DISCONNECTED, reason: (unspecified), extra: (none), roaming: false, failover: false, isAvailable: true], type: 11, subtype: 0
[type: MOBILE_CBS[], state: DISCONNECTED/DISCONNECTED, reason: (unspecified), extra: (none), roaming: false, failover: false, isAvailable: true], type: 12, subtype: 0
[type: MOBILE_IA[], state: DISCONNECTED/DISCONNECTED, reason: (unspecified), extra: (none), roaming: false, failover: false, isAvailable: true], type: 14, subtype: 0
[type: VPN[], state: DISCONNECTED/DISCONNECTED, reason: (unspecified), extra: (none), roaming: false, failover: false, isAvailable: true], type: 17, subtype: 0
[type: MOBILE_BIP0[], state: DISCONNECTED/DISCONNECTED, reason: (unspecified), extra: (none), roaming: false, failover: false, isAvailable: true], type: 38, subtype: 0
[type: MOBILE_BIP1[], state: DISCONNECTED/DISCONNECTED, reason: (unspecified), extra: (none), roaming: false, failover: false, isAvailable: true], type: 39, subtype: 0
[type: MOBILE_BIP2[], state: DISCONNECTED/DISCONNECTED, reason: (unspecified), extra: (none), roaming: false, failover: false, isAvailable: true], type: 40, subtype: 0
[type: MOBILE_BIP3[], state: DISCONNECTED/DISCONNECTED, reason: (unspecified), extra: (none), roaming: false, failover: false, isAvailable: true], type: 41, subtype: 0
[type: MOBILE_BIP4[], state: DISCONNECTED/DISCONNECTED, reason: (unspecified), extra: (none), roaming: false, failover: false, isAvailable: true], type: 42, subtype: 0
[type: MOBILE_BIP5[], state: DISCONNECTED/DISCONNECTED, reason: (unspecified), extra: (none), roaming: false, failover: false, isAvailable: true], type: 43, subtype: 0
[type: MOBILE_BIP6[], state: DISCONNECTED/DISCONNECTED, reason: (unspecified), extra: (none), roaming: false, failover: false, isAvailable: true], type: 44, subtype: 0
2020-07-01 09:15:53.775 LL_I W [837:WhatsApp Worker #2] gdrive-conditions-manager/trigger-nothing/nothing-pending
2020-07-01 09:15:53.786 LL_I W [834:db_write (2.20.193.9-play-release)] CallsMessageStore/convertCallLogToV2/database is not ready
2020-07-01 09:15:53.791 LL_I W [837:WhatsApp Worker #2] app-init/async/done
2020-07-01 09:15:53.817 LL_I W [835:WhatsApp Worker #1] DatabaseUtils/initDatabase/using not logged SQLiteDatabase
2020-07-01 09:15:54.029 LL_I W [1:main] updated phone id from 5b7696bf-bee3-4ec5-b362-309f9aba7392 : 1593583250654 to 47656ffe-5f71-4750-87bc-dcbb97f69d14 : 1591806425066 based on package com.facebook.katana
2020-07-01 09:15:54.055 LL_I W [869:AsyncTask #1] DatabaseUtils/initDatabase/using not logged SQLiteDatabase
2020-07-01 09:15:54.058 LL_I W [869:AsyncTask #1] language-pack-store/delete-unused-language-packs
2020-07-01 09:15:54.064 LL_I W [870:SignalExecutor] skipping key generation because already more than 812 are unsent
2020-07-01 09:15:54.066 LL_I W [870:SignalExecutor] axolotl deleted expired direct distribution keys:0
2020-07-01 09:15:54.067 LL_I W [870:SignalExecutor] axolotl deleteExpiredServerPreKeys, not enough key uploads yet:0
2020-07-01 09:15:54.106 LL_I W [869:AsyncTask #1] DatabaseUtils/initDatabase/using not logged SQLiteDatabase
2020-07-01 09:15:54.111 LL_I W [869:AsyncTask #1] DatabaseUtils/initDatabase/using not logged SQLiteDatabase
2020-07-01 09:15:54.119 LL_I W [869:AsyncTask #1] StatusAdOpenHelperdeleteTemporaryFiles/journalDeleted=true; writeAheadLogDeleted=true; sharedDeleted=true
2020-07-01 09:15:54.120 LL_I W [869:AsyncTask #1] mediamessagefixer/db is not ready
2020-07-01 09:15:54.124 LL_I W [869:AsyncTask #1] SharedMediaIdsStore/deleteOutdatedRecords
2020-07-01 09:15:54.128 LL_I W [869:AsyncTask #1] AlarmService/setup; intent=Intent { act=com.whatsapp.action.SETUP cmp=com.whatsapp/.AlarmService }
2020-07-01 09:15:54.128 LL_I W [869:AsyncTask #1] AlarmService/setupBackupMessagesAlarm; alarmTimeMillis=Thu Jul 02 02:00:00 GMT+03:00 2020
2020-07-01 09:15:54.133 LL_I W [869:AsyncTask #1] AlarmService/setupDailyCronAlarm; alarmTimeMillis=Thu Jul 02 00:00:00 GMT+03:00 2020
2020-07-01 09:15:54.138 LL_I W [869:AsyncTask #1] AlarmService/hourly-cron; cancelling work manager jobs.
2020-07-01 09:15:54.138 LL_I W [869:AsyncTask #1] work-manager/configuration/created
2020-07-01 09:15:54.168 LL_I W [869:AsyncTask #1] AlarmService/hourly-cron; setting hourly cron using alarms
2020-07-01 09:15:54.170 LL_I W [869:AsyncTask #1] AlarmService/ntp-sync; cancelling ntp sync using work manager.
2020-07-01 09:15:54.170 LL_I W [869:AsyncTask #1] AlarmService/ntp-sync; setting up ntp sync using alarm manager.
2020-07-01 09:15:54.176 LL_I W [869:AsyncTask #1] scheduling alarm to trigger signed prekey rotation; now=2020-07-01 09:15:54.173+0300; lastSignedPrekeyRotation=2020-06-16 02:14:47.732+0300; deltaToAlarm=1270733559
2020-07-01 09:15:54.180 LL_I W [869:AsyncTask #1] AlarmService/setupHeartbeatAlarm; elapsedRealTimeHeartbeatLogin=1970-01-01 23:28:31.436+0200
2020-07-01 09:15:54.190 LL_I W [869:AsyncTask #1] AlarmService#updateNtp; intent=null
2020-07-01 09:15:54.194 LL_I W [869:AsyncTask #1] resolving 2.android.pool.ntp.org
2020-07-01 09:15:54.242 LL_I W [869:AsyncTask #1] ntp update processed; device time: Wed Jul 01 09:15:54 GMT+03:00 2020 ntp time: Wed Jul 01 09:15:54 GMT+03:00 2020
2020-07-01 09:16:33.739 LL_I W [1:main] ScreenLockReceiver; tag=off; locked=true; oldLocked=false
2020-07-01 09:19:39.100 LL_I W [1:main] battery changed; newEvent=BatteryState{health=good, level=100, plugged=0, scale=100, percent=100.0}
2020-07-01 09:19:39.254 LL_I W [1:main] ScreenLockReceiver; tag=unlock; locked=false; oldLocked=true
2020-07-01 09:19:39.899 LL_I W [1:main] ScreenLockReceiver; tag=on; locked=false; oldLocked=false
2020-07-01 09:20:40.837 LL_I W [1:main] battery changed; newEvent=BatteryState{health=good, level=100, plugged=2, scale=100, percent=100.0}
2020-07-01 09:20:53.593 LL_I W [825:Wam_post] WamSender/send/mh-disconnected
2020-07-01 09:20:53.593 LL_I W [825:Wam_post] WamSender/send/mh-disconnected
2020-07-01 10:00:53.186 LL_I D [955:Logger] ==== logfile level=3 tz=+0300 ====
2020-07-01 10:00:53.185 LL_I D [1:main] ==== logfile version=2.20.193.9 level=3====
2020-07-01 10:00:53.293 LL_I D [1:main] WATLS: using external persistent cache directory /storage/emulated/0/Android/data/com.whatsapp/cache/watls-sessions
2020-07-01 10:00:53.295 LL_I D [1:main] appshell/debug_info: pkg=com.whatsapp; v=2.20.193.9-play-release; vc=204309000; p=consumer; e=180; g=base-v2.20.193.9-dirty; t=1592845416105; d=HUAWEI ALE-L21; os=Android 6.0; abis=arm64-v8a,armeabi-v7a,armeabi
2020-07-01 10:00:53.295 LL_I D [1:main] whatsapplibloader/system-load-library-with-install start, loading: superpack
2020-07-01 10:00:53.303 LL_I D [1:main] whatsapplibloader/system-load-library-with-install end
2020-07-01 10:00:53.304 LL_I D [1:main] whatsappassetdecompressor/decompressor-usable isLibraryUsable: True
2020-07-01 10:00:53.304 LL_I D [1:main] whatsappassetdecompressor/decompress: superpack architecture is arm64-v8a
2020-07-01 10:00:53.318 LL_I D [1:main] whatsappsoloader/init: already initialized
2020-07-01 10:00:53.352 LL_I D [1:main]         os_core_unix.c !pjlib 2.8 for POSIX initialized
2020-07-01 10:00:53.354 LL_I D [1:main]        wa_call_media.c !init_media_endpt_and_codecs Enter
2020-07-01 10:00:53.354 LL_I D [1:main]        wa_audio_dev.cc  WA Audio sound library initialized
2020-07-01 10:00:53.355 LL_I D [1:main]                  pjlib  select() I/O Queue created (0x55a29f5f48)
2020-07-01 10:00:53.355 LL_I D [1:main]        wa_call_media.c  pjmedia_endpt_create = 0
2020-07-01 10:00:53.355 LL_I D [1:main]              wa_opus.c  pjmedia_codec_opus_init start
2020-07-01 10:00:53.355 LL_I D [1:main]              wa_opus.c  pjmedia_codec_opus_init success
2020-07-01 10:00:53.355 LL_I D [1:main]        wa_call_media.c  init_audio_codecs = 0
2020-07-01 10:00:53.356 LL_I D [1:main]        wa_call_media.c  init_media_endpt_and_codecs Exit
2020-07-01 10:00:53.363 LL_W D [1:main] whatsappassetdecompressor/load-library-from-archive File missing: codec2
2020-07-01 10:00:53.363 LL_I D [1:main] whatsapplibloader/system-load-optional-library start
2020-07-01 10:00:53.373 LL_I D [1:main] whatsapplibloader/system-load-optional-library end
2020-07-01 10:00:53.374 LL_I D [1:main] native library usability testing in progress
2020-07-01 10:00:53.374 LL_I D [1:main] native library usability testing complete
2020-07-01 10:00:53.374 LL_I D [1:main] whatsapplibloader/usable jniVersion: 2.20.193.9
2020-07-01 10:00:53.375 LL_I D [1:main] whatsapplibloader/usable isLibraryUsable: True
2020-07-01 10:00:53.376 LL_I D [1:main] Loading module: breakpad
2020-07-01 10:00:53.379 LL_I D [1:main] Module breakpad health file deleted: true
2020-07-01 10:00:53.379 LL_I D [1:main] Module loaded: breakpad load time: 2
2020-07-01 10:00:53.684 LL_I D [1:main] whatsappsoloader/init: already initialized
2020-07-01 10:00:53.687 LL_I D [1:main] messagethumbcache/construct 24576
2020-07-01 10:00:53.702 LL_I D [1:main] message_handler/logged_flag/must_reconnect initialize to true
2020-07-01 10:00:53.702 LL_I D [1:main] message_handler/logged_flag/must_ignore_network_once initialize to false
2020-07-01 10:00:53.702 LL_I D [1:main] message_handler/logged_flag/disconnected initialize to true
2020-07-01 10:00:53.813 LL_I W [1:main] whatsapplocale/loadandapplyforcedlanguage/no language to load
2020-07-01 10:00:53.821 LL_I W [971:WhatsApp Worker #2] gdrive-conditions-manager/trigger-nothing/nothing-pending
2020-07-01 10:00:53.827 LL_I W [1:main] throw away fix line - X.0Rz@47ed30d - X.0S8@75c02c2 - X.0ST@f1078d3
2020-07-01 10:00:53.851 LL_I W [1:main] memanager/load-me
2020-07-01 10:00:53.853 LL_I W [1:main] statistics/init
2020-07-01 10:00:53.853 LL_I W [958:Wam_internal] wambuffer/header/init: header=2 bufferCount=2 maxMetadataSize=65536 maxEventBufferSize=65536 currentEventBufferIndex=0 currentEventBufferIndex=0 currentBufferSequenceNumber=0 isEventBeaconingEnabled=false dayOfLastBeaconingDecision=0 currentEventSequenceNumber=0
2020-07-01 10:00:53.854 LL_I W [958:Wam_internal] wambuffer/header/init/eventBufferMetadata/0: size=0 timestamp=0 streamId=1 bufferSequenceNumber=0 checksum=1
2020-07-01 10:00:53.854 LL_I W [958:Wam_internal] wambuffer/header/init/eventBufferMetadata/1: size=0 timestamp=0 streamId=1 bufferSequenceNumber=0 checksum=1
2020-07-01 10:00:53.856 LL_I W [990:stat-save] statistics data init: Text Messages: 0 sent, 0 received / Media Messages: 0 sent (0 bytes), 0 received (0 bytes) / Offline Messages: 0 received (0 msec average delay) / Status : 0 sent (0 bytes), 0 received (0 bytes) / Payment Messages : 0 sent, 0 received / Message Service: 0 bytes sent, 0 bytes received / Voip Calls: 0 outgoing calls, 0 incoming calls, 0 bytes sent, 0 bytes received / Google Drive: 0 bytes sent, 0 bytes received / Roaming: 0 bytes sent, 0 bytes received / Total Data: 0 bytes sent, 0 bytes received
2020-07-01 10:00:53.858 LL_I W [958:Wam_internal] InMemoryMultipleEventBuffersManager/initfromfile: opened existing wam file: record_count = 0, event_count = 0, attribute_count = 0, size = 0, create_ts = 0, rotated_size = 0
2020-07-01 10:00:53.858 LL_I W [958:Wam_internal] InMemoryMultipleEventBuffersManager/initfromfile: opened existing wam file: record_count = 0, event_count = 0, attribute_count = 0, size = 0, create_ts = 0, rotated_size = 0
2020-07-01 10:00:53.864 LL_I W [958:Wam_internal] wambuffer/header/init: header=2 bufferCount=8 maxMetadataSize=65536 maxEventBufferSize=16384 currentEventBufferIndex=0 currentEventBufferIndex=0 currentBufferSequenceNumber=0 isEventBeaconingEnabled=false dayOfLastBeaconingDecision=0 currentEventSequenceNumber=0
2020-07-01 10:00:53.865 LL_I W [958:Wam_internal] wambuffer/header/init/eventBufferMetadata/0: size=0 timestamp=0 streamId=1 bufferSequenceNumber=0 checksum=1
2020-07-01 10:00:53.865 LL_I W [958:Wam_internal] wambuffer/header/init/eventBufferMetadata/1: size=0 timestamp=0 streamId=1 bufferSequenceNumber=0 checksum=1
2020-07-01 10:00:53.865 LL_I W [958:Wam_internal] wambuffer/header/init/eventBufferMetadata/2: size=0 timestamp=0 streamId=1 bufferSequenceNumber=0 checksum=1
2020-07-01 10:00:53.865 LL_I W [958:Wam_internal] wambuffer/header/init/eventBufferMetadata/3: size=0 timestamp=0 streamId=1 bufferSequenceNumber=0 checksum=1
2020-07-01 10:00:53.865 LL_I W [958:Wam_internal] wambuffer/header/init/eventBufferMetadata/4: size=0 timestamp=0 streamId=1 bufferSequenceNumber=0 checksum=1
2020-07-01 10:00:53.865 LL_I W [958:Wam_internal] wambuffer/header/init/eventBufferMetadata/5: size=0 timestamp=0 streamId=1 bufferSequenceNumber=0 checksum=1
2020-07-01 10:00:53.866 LL_I W [958:Wam_internal] wambuffer/header/init/eventBufferMetadata/6: size=0 timestamp=0 streamId=1 bufferSequenceNumber=0 checksum=1
2020-07-01 10:00:53.866 LL_I W [958:Wam_internal] wambuffer/header/init/eventBufferMetadata/7: size=0 timestamp=0 streamId=1 bufferSequenceNumber=0 checksum=1
2020-07-01 10:00:53.866 LL_I W [958:Wam_internal] InMemorySingleEventBufferManager/initfromfile: opened existing wam file: record_count = 0, event_count = 0, attribute_count = 0, size = 0, create_ts = 0
2020-07-01 10:00:53.868 LL_I W [1:main] media-state-manager/refresh-media-state/writable-media
2020-07-01 10:00:53.879 LL_W W [1:main] PAY: phoneNumber: countryCode:
2020-07-01 10:00:53.879 LL_I W [1:main] app-init/main/sendInitialMigrationInfoNeededBroadcast
2020-07-01 10:00:53.880 LL_I W [1:main] InterAppCommunicationManager/smbIsCapableOfMigratingFromConsumer=false
2020-07-01 10:00:53.881 LL_I W [1:main] InterAppCommunicationManager/sendInitialMigrationInfoNeededBroadcast/sendInitialMigrationInfoNeededBroadcast
2020-07-01 10:00:53.882 LL_I W [1:main] InterAppCommunicationManager/sendRequesterToProviderOrderedBroadcast/action = com.whatsapp.registration.directmigration.initialMigrationInfoAction
2020-07-01 10:00:53.886 LL_I W [992:WhatsApp Worker #4] media-state-manager/refresh-media-state/internal-storage available:4,579,917,824 total:11,289,227,264
2020-07-01 10:00:53.888 LL_I W [1:main] loginmanager/loadloginfailed/none
2020-07-01 10:00:53.891 LL_I W [1:main] androidcontactscontentobserver/registered
2020-07-01 10:00:53.893 LL_I W [992:WhatsApp Worker #4] media-state-manager/refresh-media-state/writable-media/external-storage available: 4,558,946,304 total: 11,268,255,744
2020-07-01 10:00:53.894 LL_I W [969:WhatsApp Worker #1] gdrive-conditions-manager/can-use-network/active_network/wifi
2020-07-01 10:00:53.894 LL_I W [969:WhatsApp Worker #1] gdrive-conditions-manager/can-use-network/message-restore/true
2020-07-01 10:00:53.895 LL_I W [969:WhatsApp Worker #1] gdrive-conditions-manager/can-use-network/media-restore/true
2020-07-01 10:00:53.895 LL_I W [969:WhatsApp Worker #1] gdrive-conditions-manager/can-use-network/backup/true
2020-07-01 10:00:53.899 LL_I W [959:Wam_post] WamSender/send/mh-disconnected
2020-07-01 10:00:53.900 LL_I W [959:Wam_post] WamSender/send/mh-disconnected
2020-07-01 10:00:53.910 LL_I W [1:main] app-init/async/device_info/OS_BUILD_NUMBER ALE-L21C02B589
2020-07-01 10:00:53.911 LL_I W [1:main] app-init/main/done
2020-07-01 10:00:53.911 LL_I W [994:WhatsApp Worker #5] app-init/async/start
2020-07-01 10:00:53.911 LL_I W [994:WhatsApp Worker #5] WaMsysSetup/bootstrapForReg
2020-07-01 10:00:53.912 LL_I W [994:WhatsApp Worker #5] WaMsysSetup/bootstrap
2020-07-01 10:00:53.916 LL_I W [1:main] AlarmBroadcastReceiver dispatching to AlarmService; intent=Intent { act=com.whatsapp.action.HOURLY_CRON flg=0x14 cmp=com.whatsapp/.AlarmBroadcastReceiver (has extras) }; elapsedRealtime=7668614
2020-07-01 10:00:53.952 LL_I W [1:main] gdrive-conditions-manager/can-use-battery/battery-level/98
2020-07-01 10:00:53.953 LL_I W [1:main] gdrive-conditions-manager/can-use-battery-for-backup/true
2020-07-01 10:00:53.953 LL_I W [1:main] gdrive-conditions-manager/can-use-battery-for-media-restore/true
2020-07-01 10:00:53.953 LL_I W [1:main] gdrive-conditions-manager/ignore-battery-status/false
2020-07-01 10:00:53.954 LL_I W [1:main] battery changed; newEvent=BatteryState{health=good, level=98, plugged=0, scale=100, percent=98.0}
2020-07-01 10:00:53.955 LL_I W [1:main] phone/state idle
2020-07-01 10:00:53.955 LL_I W [1:main] OnTrimMemory/level: 80, trimming memory, app in background
2020-07-01 10:00:53.966 LL_I W [992:WhatsApp Worker #4]       wa_call_utils.cc !Number of external threads now: 1
2020-07-01 10:00:53.966 LL_I W [992:WhatsApp Worker #4]              wa_call.c  wa_call_update_network_medium Wifi 1400
2020-07-01 10:00:53.966 LL_I W [992:WhatsApp Worker #4]              wa_call.c  About to set wa_call_set_network_medium Wifi, network_mtu 1400
2020-07-01 10:00:53.966 LL_I W [992:WhatsApp Worker #4]              wa_call.c  Abort. But reset wa_call_set_network_medium to WAM_ENUM_CALL_NETWORK_MEDIUM_NONE
2020-07-01 10:00:53.966 LL_I W [992:WhatsApp Worker #4]              wa_call.c  check_call_state_active_internal end relay info not received yet
2020-07-01 10:00:54.006 LL_I W [994:WhatsApp Worker #5] WhatsAppLocale/setDerivedFieldsUnderLock/fieldCreationTimer/timer/stop: 69
2020-07-01 10:00:54.010 LL_I W [991:WhatsApp Worker #3] gdrive-conditions-manager/trigger-nothing/nothing-pending
2020-07-01 10:00:54.027 LL_I W [1002:SignalExecutor] axolotl retrieved latest signed prekey record successfully; id=0
2020-07-01 10:00:54.043 LL_I W [994:WhatsApp Worker #5] WaMsysSetup/bootstrapForMMS
2020-07-01 10:00:54.044 LL_I W [1:main] ProcessProviderMigrationInfo/on-receive
2020-07-01 10:00:54.045 LL_I W [1003:AsyncTask #1] AlarmService/hourlyCron; intent=Intent { act=com.whatsapp.action.HOURLY_CRON flg=0x14 cmp=com.whatsapp/.AlarmService (has extras) }
2020-07-01 10:00:54.047 LL_I W [994:WhatsApp Worker #5] app-init/permissions/com.whatsapp w=true
2020-07-01 10:00:54.047 LL_I W [994:WhatsApp Worker #5] app-init/permissions/files w=true
2020-07-01 10:00:54.047 LL_I W [994:WhatsApp Worker #5] app-init/permissions/Logs w=true
2020-07-01 10:00:54.047 LL_I W [994:WhatsApp Worker #5] app-init/permissions/databases w=true
2020-07-01 10:00:54.048 LL_I W [994:WhatsApp Worker #5] app-init/async/screen/off
2020-07-01 10:00:54.051 LL_I W [994:WhatsApp Worker #5] network/info
[type: MOBILE[], state: DISCONNECTED/DISCONNECTED, reason: (unspecified), extra: (none), roaming: false, failover: false, isAvailable: false], type: 0, subtype: 0
[type: WIFI[], state: CONNECTED/CONNECTED, reason: (unspecified), extra: "HUAWEI-XsfB", roaming: false, failover: false, isAvailable: true], type: 1, subtype: 0
[type: MOBILE_MMS[], state: DISCONNECTED/DISCONNECTED, reason: (unspecified), extra: (none), roaming: false, failover: false, isAvailable: true], type: 2, subtype: 0
[type: MOBILE_SUPL[], state: DISCONNECTED/DISCONNECTED, reason: (unspecified), extra: (none), roaming: false, failover: false, isAvailable: true], type: 3, subtype: 0
[type: MOBILE_DUN[], state: DISCONNECTED/DISCONNECTED, reason: (unspecified), extra: (none), roaming: false, failover: false, isAvailable: true], type: 4, subtype: 0
[type: MOBILE_HIPRI[], state: DISCONNECTED/DISCONNECTED, reason: (unspecified), extra: (none), roaming: false, failover: false, isAvailable: true], type: 5, subtype: 0
[type: BLUETOOTH[], state: DISCONNECTED/DISCONNECTED, reason: (unspecified), extra: (none), roaming: false, failover: false, isAvailable: true], type: 7, subtype: 0
[type: MOBILE_FOTA[], state: DISCONNECTED/DISCONNECTED, reason: (unspecified), extra: (none), roaming: false, failover: false, isAvailable: true], type: 10, subtype: 0
[type: MOBILE_IMS[], state: DISCONNECTED/DISCONNECTED, reason: (unspecified), extra: (none), roaming: false, failover: false, isAvailable: true], type: 11, subtype: 0
[type: MOBILE_CBS[], state: DISCONNECTED/DISCONNECTED, reason: (unspecified), extra: (none), roaming: false, failover: false, isAvailable: true], type: 12, subtype: 0
[type: MOBILE_IA[], state: DISCONNECTED/DISCONNECTED, reason: (unspecified), extra: (none), roaming: false, failover: false, isAvailable: true], type: 14, subtype: 0
[type: VPN[], state: DISCONNECTED/DISCONNECTED, reason: (unspecified), extra: (none), roaming: false, failover: false, isAvailable: true], type: 17, subtype: 0
[type: MOBILE_BIP0[], state: DISCONNECTED/DISCONNECTED, reason: (unspecified), extra: (none), roaming: false, failover: false, isAvailable: true], type: 38, subtype: 0
[type: MOBILE_BIP1[], state: DISCONNECTED/DISCONNECTED, reason: (unspecified), extra: (none), roaming: false, failover: false, isAvailable: true], type: 39, subtype: 0
[type: MOBILE_BIP2[], state: DISCONNECTED/DISCONNECTED, reason: (unspecified), extra: (none), roaming: false, failover: false, isAvailable: true], type: 40, subtype: 0
[type: MOBILE_BIP3[], state: DISCONNECTED/DISCONNECTED, reason: (unspecified), extra: (none), roaming: false, failover: false, isAvailable: true], type: 41, subtype: 0
[type: MOBILE_BIP4[], state: DISCONNECTED/DISCONNECTED, reason: (unspecified), extra: (none), roaming: false, failover: false, isAvailable: true], type: 42, subtype: 0
[type: MOBILE_BIP5[], state: DISCONNECTED/DISCONNECTED, reason: (unspecified), extra: (none), roaming: false, failover: false, isAvailable: true], type: 43, subtype: 0
[type: MOBILE_BIP6[], state: DISCONNECTED/DISCONNECTED, reason: (unspecified), extra: (none), roaming: false, failover: false, isAvailable: true], type: 44, subtype: 0
2020-07-01 10:00:54.071 LL_I W [994:WhatsApp Worker #5] gdrive-conditions-manager/trigger-nothing/nothing-pending
2020-07-01 10:00:54.095 LL_I W [968:db_write (2.20.193.9-play-release)] CallsMessageStore/convertCallLogToV2/database is not ready
2020-07-01 10:00:54.104 LL_I W [994:WhatsApp Worker #5] app-init/async/done
2020-07-01 10:00:54.127 LL_I W [992:WhatsApp Worker #4] DatabaseUtils/initDatabase/using not logged SQLiteDatabase
2020-07-01 10:00:54.186 LL_I W [1003:AsyncTask #1] device/memory private_dirty=15628kB pss=30281kB shared_dirty=39044kB
2020-07-01 10:00:54.302 LL_I W [1003:AsyncTask #1] device/memory processes=1 total=29751
2020-07-01 10:00:54.303 LL_I W [1003:AsyncTask #1] device/battery BatteryState{health=good, level=98, plugged=0, scale=100, percent=98.0}
2020-07-01 10:00:54.306 LL_I W [991:WhatsApp Worker #3] device/memory/system/available 843852 kiB (221184 kiB) lowMemory=false
2020-07-01 10:00:54.353 LL_I W [991:WhatsApp Worker #3] device/memory/max 196608 kiB (~192 memory class)
2020-07-01 10:00:54.354 LL_I W [991:WhatsApp Worker #3] device/memory/native/size 33872 kiB/allocated 33715 kiB/free 156 kiB
2020-07-01 10:00:54.354 LL_I W [991:WhatsApp Worker #3] device/memory/dalvik/size 14701 kiB/allocated 11965 kiB/free 2736 kiB
2020-07-01 10:00:54.354 LL_I W [1003:AsyncTask #1] AlarmService/setup; intent=Intent { act=com.whatsapp.action.SETUP cmp=com.whatsapp/.AlarmService }
2020-07-01 10:00:54.354 LL_I W [1003:AsyncTask #1] AlarmService/setupBackupMessagesAlarm; alarmTimeMillis=Thu Jul 02 02:00:00 GMT+03:00 2020
2020-07-01 10:00:54.364 LL_I W [1003:AsyncTask #1] AlarmService/setupDailyCronAlarm; alarmTimeMillis=Thu Jul 02 00:00:00 GMT+03:00 2020
2020-07-01 10:00:54.368 LL_I W [1003:AsyncTask #1] AlarmService/hourly-cron; cancelling work manager jobs.
2020-07-01 10:00:54.368 LL_I W [1003:AsyncTask #1] work-manager/configuration/created
2020-07-01 10:00:54.396 LL_I W [1003:AsyncTask #1] AlarmService/hourly-cron; setting hourly cron using alarms
2020-07-01 10:00:54.398 LL_I W [1003:AsyncTask #1] AlarmService/ntp-sync; cancelling ntp sync using work manager.
2020-07-01 10:00:54.398 LL_I W [1003:AsyncTask #1] AlarmService/ntp-sync; setting up ntp sync using alarm manager.
2020-07-01 10:00:54.404 LL_I W [1003:AsyncTask #1] scheduling alarm to trigger signed prekey rotation; now=2020-07-01 10:00:54.401+0300; lastSignedPrekeyRotation=2020-06-16 02:14:47.732+0300; deltaToAlarm=1268033331
2020-07-01 10:00:54.408 LL_I W [1003:AsyncTask #1] AlarmService/setupHeartbeatAlarm; elapsedRealTimeHeartbeatLogin=1970-01-01 23:28:31.436+0200
2020-07-01 10:00:54.419 LL_I W [1003:AsyncTask #1] AlarmService#updateNtp; intent=null
2020-07-01 10:00:54.443 LL_I W [1003:AsyncTask #1] resolving 2.android.pool.ntp.org
2020-07-01 10:00:54.517 LL_I W [1003:AsyncTask #1] ntp update processed; device time: Wed Jul 01 10:00:54 GMT+03:00 2020 ntp time: Wed Jul 01 10:00:55 GMT+03:00 2020
2020-07-01 10:13:48.033 LL_I W [1:main] ScreenLockReceiver; tag=unlock; locked=false; oldLocked=true
2020-07-01 10:13:48.748 LL_I W [1:main] ScreenLockReceiver; tag=on; locked=false; oldLocked=false
2020-07-01 10:13:51.382 LL_I W [1:main] ScreenLockReceiver; tag=off; locked=true; oldLocked=false
2020-07-01 10:22:04.049 LL_I W [1:main] battery changed; newEvent=BatteryState{health=good, level=97, plugged=0, scale=100, percent=97.0}
2020-07-01 10:33:13.011 LL_I W [959:Wam_post] WamSender/send/mh-disconnected
2020-07-01 10:33:13.012 LL_I W [959:Wam_post] WamSender/send/mh-disconnected
2020-07-01 10:47:56.428 LL_I W [1:main] battery changed; newEvent=BatteryState{health=good, level=97, plugged=2, scale=100, percent=97.0}
2020-07-01 10:47:56.490 LL_I W [1:main] ScreenLockReceiver; tag=unlock; locked=false; oldLocked=true
2020-07-01 10:47:57.099 LL_I W [1:main] ScreenLockReceiver; tag=on; locked=false; oldLocked=false
2020-07-01 10:51:22.650 LL_I W [959:Wam_post] WamSender/send/mh-disconnected
2020-07-01 10:51:22.652 LL_I W [959:Wam_post] WamSender/send/mh-disconnected
